<?xml version="1.0" encoding="UTF-8"?>
<testng-results ignored="0" total="2" passed="2" failed="0" skipped="0">
  <reporter-output>
  </reporter-output>
  <suite started-at="2023-05-23T11:46:51 IST" name="TopGraduateV1" finished-at="2023-05-23T11:47:13 IST" duration-ms="22144">
    <groups>
    </groups>
    <test started-at="2023-05-23T11:46:51 IST" name="TopGraduate WebApp Test" finished-at="2023-05-23T11:47:13 IST" duration-ms="22144">
      <class name="com.topGraduate.testCases.TC_RegisterTest_001">
        <test-method is-config="true" signature="setup(java.lang.String)[pri:0, instance:com.topGraduate.testCases.TC_RegisterTest_001@2c1156a7]" started-at="2023-05-23T11:46:51 IST" name="setup" finished-at="2023-05-23T11:47:10 IST" duration-ms="18863" status="PASS">
          <params>
            <param index="0">
              <value>
                <![CDATA[chrome]]>
              </value>
            </param>
          </params>
          <reporter-output>
          </reporter-output>
        </test-method> <!-- setup -->
        <test-method signature="Verify_Employer_Register_Page_Display()[pri:0, instance:com.topGraduate.testCases.TC_RegisterTest_001@2c1156a7]" started-at="2023-05-23T11:47:10 IST" name="Verify_Employer_Register_Page_Display" finished-at="2023-05-23T11:47:11 IST" duration-ms="1032" status="PASS">
          <reporter-output>
          </reporter-output>
        </test-method> <!-- Verify_Employer_Register_Page_Display -->
        <test-method signature="Verify_Employer_Registration_with_ValidData()[pri:0, instance:com.topGraduate.testCases.TC_RegisterTest_001@2c1156a7]" started-at="2023-05-23T11:47:11 IST" name="Verify_Employer_Registration_with_ValidData" finished-at="2023-05-23T11:47:13 IST" duration-ms="1705" status="PASS">
          <reporter-output>
          </reporter-output>
        </test-method> <!-- Verify_Employer_Registration_with_ValidData -->
        <test-method is-config="true" signature="tearDown()[pri:0, instance:com.topGraduate.testCases.TC_RegisterTest_001@2c1156a7]" started-at="2023-05-23T11:47:13 IST" name="tearDown" finished-at="2023-05-23T11:47:13 IST" duration-ms="447" status="PASS">
          <reporter-output>
          </reporter-output>
        </test-method> <!-- tearDown -->
      </class> <!-- com.topGraduate.testCases.TC_RegisterTest_001 -->
    </test> <!-- TopGraduate WebApp Test -->
  </suite> <!-- TopGraduateV1 -->
</testng-results>
