<?xml version="1.0" encoding="UTF-8"?>
<!-- Generated by org.testng.reporters.JUnitXMLReporter -->
<testsuite ignored="0" hostname="bheemashankar.k-MacBookPro" failures="1" tests="1" name="TopGraduate WebApp Test" time="25.018" errors="0" timestamp="2023-05-18T13:45:38 IST">
  <testcase classname="com.topGraduate.testCases.TC_RegisterTest_001" name="landingTest" time="7.693">
    <failure type="java.lang.AssertionError">
      <![CDATA[java.lang.AssertionError
at org.junit.Assert.fail(Assert.java:86)
at org.junit.Assert.assertTrue(Assert.java:41)
at org.junit.Assert.assertTrue(Assert.java:52)
at com.topGraduate.testCases.TC_RegisterTest_001.landingTest(TC_RegisterTest_001.java:24)
at java.base/java.util.ArrayList.forEach(ArrayList.java:1511)
... Removed 27 stack frames]]>
    </failure>
  </testcase> <!-- landingTest -->
</testsuite> <!-- TopGraduate WebApp Test -->
