<?xml version="1.0" encoding="UTF-8"?>
<!-- Generated by org.testng.reporters.JUnitXMLReporter -->
<testsuite ignored="0" hostname="Jeevan" failures="0" tests="2" name="TopGraduate WebApp Test" time="22.144" errors="0" timestamp="2023-05-23T11:47:14 IST">
  <testcase classname="com.topGraduate.testCases.TC_RegisterTest_001" name="Verify_Employer_Register_Page_Display" time="1.032"/>
  <testcase classname="com.topGraduate.testCases.TC_RegisterTest_001" name="Verify_Employer_Registration_with_ValidData" time="1.705"/>
</testsuite> <!-- TopGraduate WebApp Test -->
